<?xml version="1.0" encoding="UTF-8"?>
<!-- Generated by org.testng.reporters.JUnitReportReporter -->
<testsuite hostname="OMAR-ZAHEDAH" failures="0" tests="2" name="Practes" time="0.678" errors="0" timestamp="2025-07-30T16:55:22 EET" skipped="0">
  <testcase classname="Practes" name="login" time="0.361"/>
  <testcase classname="Practes" name="AddallitemToTheCart" time="0.317"/>
</testsuite> <!-- Practes -->
