<?xml version="1.0" encoding="UTF-8"?>
<!-- Generated by org.testng.reporters.JUnitReportReporter -->
<testsuite hostname="OMAR-ZAHEDAH" failures="0" tests="4" name="MyTest" time="2.054" errors="0" timestamp="2025-07-30T13:25:26 EET" skipped="1">
  <testcase classname="MyTest" name="login" time="0.663"/>
  <testcase classname="MyTest" name="addToCard" time="0.226"/>
  <testcase classname="MyTest" name="ChekeOutProcess" time="1.165"/>
  <testcase classname="MyTest" name="logout">
    <skipped/>
  </testcase> <!-- logout -->
</testsuite> <!-- MyTest -->
